{"C:\\Users\\johan\\Development\\Mine\\sorting\\sorting.js": {"path":"C:\\Users\\johan\\Development\\Mine\\sorting\\sorting.js","statementMap":{"0":{"start":{"line":2,"column":4},"end":{"line":2,"column":52}},"1":{"start":{"line":3,"column":4},"end":{"line":3,"column":15}},"2":{"start":{"line":5,"column":0},"end":{"line":5,"column":22}},"3":{"start":{"line":9,"column":4},"end":{"line":16,"column":5}},"4":{"start":{"line":9,"column":16},"end":{"line":9,"column":17}},"5":{"start":{"line":10,"column":8},"end":{"line":15,"column":9}},"6":{"start":{"line":10,"column":20},"end":{"line":10,"column":21}},"7":{"start":{"line":11,"column":12},"end":{"line":14,"column":13}},"8":{"start":{"line":12,"column":16},"end":{"line":12,"column":32}},"9":{"start":{"line":13,"column":16},"end":{"line":13,"column":45}},"10":{"start":{"line":17,"column":4},"end":{"line":17,"column":15}},"11":{"start":{"line":19,"column":0},"end":{"line":19,"column":48}}},"fnMap":{"0":{"name":"swap","decl":{"start":{"line":1,"column":9},"end":{"line":1,"column":13}},"loc":{"start":{"line":1,"column":30},"end":{"line":4,"column":1}},"line":1},"1":{"name":"bubbleSort","decl":{"start":{"line":8,"column":9},"end":{"line":8,"column":19}},"loc":{"start":{"line":8,"column":24},"end":{"line":18,"column":1}},"line":8}},"branchMap":{"0":{"loc":{"start":{"line":11,"column":12},"end":{"line":14,"column":13}},"type":"if","locations":[{"start":{"line":11,"column":12},"end":{"line":14,"column":13}},{"start":{"line":11,"column":12},"end":{"line":14,"column":13}}],"line":11}},"s":{"0":26,"1":26,"2":1,"3":1,"4":1,"5":10,"6":10,"7":55,"8":25,"9":25,"10":1,"11":1},"f":{"0":26,"1":1},"b":{"0":[25,30]},"_coverageSchema":"1a1c01bbd47fc00a2c39e90264f33305004495a9","hash":"eaccd9f271539a6101dd191bbbb82349a3c43cd2"}
}
